Thu, 22 Jul 2021 17:25:54 GMT - Debug - [{"id":14,"accountName":"maya&chen","weedingDate":"2021-06-30T17:00:53.000Z","brideName":"Maya","groomName":"Chen"}]
Thu, 22 Jul 2021 17:26:58 GMT - Debug - []
Thu, 22 Jul 2021 17:35:00 GMT - Debug - undefined
Thu, 22 Jul 2021 17:39:44 GMT - Debug - []
Thu, 22 Jul 2021 17:40:28 GMT - Debug - undefined
Fri, 23 Jul 2021 09:11:33 GMT - Debug - []
Fri, 23 Jul 2021 09:12:04 GMT - Debug - []
Fri, 23 Jul 2021 09:13:23 GMT - Debug - undefined
Fri, 23 Jul 2021 09:13:51 GMT - Debug - undefined
Fri, 23 Jul 2021 09:14:04 GMT - Debug - undefined
Fri, 23 Jul 2021 09:16:06 GMT - Debug - undefined
Fri, 23 Jul 2021 09:16:41 GMT - Debug - undefined
Fri, 23 Jul 2021 09:20:14 GMT - Debug - undefined
Fri, 23 Jul 2021 09:20:35 GMT - Debug - undefined
Fri, 23 Jul 2021 09:21:04 GMT - Debug - undefined
Fri, 23 Jul 2021 09:21:17 GMT - Debug - undefined
Fri, 23 Jul 2021 09:21:40 GMT - Debug - undefined
Fri, 23 Jul 2021 09:22:04 GMT - Debug - undefined
Fri, 23 Jul 2021 09:24:01 GMT - Debug - undefined
Fri, 23 Jul 2021 09:24:15 GMT - Debug - undefined
Fri, 23 Jul 2021 09:26:46 GMT - Debug - [{"id":14,"accountName":"maya&chen","weedingDate":"2021-06-30T17:00:53.000Z","brideName":"Maya","groomName":"Chen"}]
